2022-12-17 13:12:931 INFO  HomePage :37 - Clicking on login link : [[ChromeDriver: chrome on WINDOWS (16387c68a0c2f86b5e885f2b9387b9fb)] -> link text: Log in]
2022-12-17 13:12:998 INFO  LoginPage :44 - Getting text from : [[ChromeDriver: chrome on WINDOWS (16387c68a0c2f86b5e885f2b9387b9fb)] -> xpath: //h1[contains(text(),'Welcome, Please Sign In!')]]
2022-12-17 13:12:897 INFO  HomePage :37 - Clicking on login link : [[ChromeDriver: chrome on WINDOWS (90a75f43d32710f60ea00532a183a51d)] -> link text: Log in]
2022-12-17 13:12:958 INFO  LoginPage :44 - Getting text from : [[ChromeDriver: chrome on WINDOWS (90a75f43d32710f60ea00532a183a51d)] -> xpath: //h1[contains(text(),'Welcome, Please Sign In!')]]
2022-12-17 13:12:326 INFO  HomePage :37 - Clicking on login link : [[ChromeDriver: chrome on WINDOWS (99972f3c87bf0f437c05cd7b5311fea1)] -> link text: Log in]
2022-12-17 13:12:364 INFO  LoginPage :44 - Getting text from : [[ChromeDriver: chrome on WINDOWS (99972f3c87bf0f437c05cd7b5311fea1)] -> xpath: //h1[contains(text(),'Welcome, Please Sign In!')]]
2022-12-17 13:12:947 INFO  HomePage :37 - Clicking on login link : [[ChromeDriver: chrome on WINDOWS (81f87d10ab772649dc15a065960a61f7)] -> link text: Log in]
2022-12-17 13:12:984 INFO  LoginPage :44 - Getting text from : [[ChromeDriver: chrome on WINDOWS (81f87d10ab772649dc15a065960a61f7)] -> xpath: //h1[contains(text(),'Welcome, Please Sign In!')]]
2022-12-17 14:12:701 INFO  HomePage :37 - Clicking on login link : [[ChromeDriver: chrome on WINDOWS (2a8d39b7a203fc1bf4614adf35aa20d4)] -> link text: Log in]
2022-12-17 14:12:743 INFO  LoginPage :44 - Getting text from : [[ChromeDriver: chrome on WINDOWS (2a8d39b7a203fc1bf4614adf35aa20d4)] -> xpath: //h1[contains(text(),'Welcome, Please Sign In!')]]
2022-12-17 14:12:387 INFO  HomePage :37 - Clicking on login link : [[ChromeDriver: chrome on WINDOWS (dec241818d8019e3b9fe154b1feb6817)] -> link text: Log in]
2022-12-17 14:12:924 INFO  HomePage :37 - Clicking on login link : [[ChromeDriver: chrome on WINDOWS (c36f3de1b128576719bb589f160564cb)] -> link text: Log in]
2022-12-17 14:12:729 INFO  HomePage :37 - Clicking on login link : [[ChromeDriver: chrome on WINDOWS (67983c8b70ea027684911f4269aac549)] -> link text: Log in]
2022-12-17 14:12:95 INFO  HomePage :37 - Clicking on login link : [[ChromeDriver: chrome on WINDOWS (21acfbdef20465cf17517028c2fbe9c1)] -> link text: Log in]
2022-12-17 14:12:11 INFO  HomePage :37 - Clicking on login link : [[ChromeDriver: chrome on WINDOWS (1a2ae62922010c745028e484e972245a)] -> link text: Log in]
2022-12-17 14:12:945 INFO  HomePage :37 - Clicking on login link : [[ChromeDriver: chrome on WINDOWS (0eaacfff7f5c46166c587b85986d27bc)] -> link text: Log in]
2022-12-17 14:12:780 INFO  HomePage :37 - Clicking on login link : [[ChromeDriver: chrome on WINDOWS (466281b90e290c7384f95d9a3786fb27)] -> link text: Log in]
2022-12-17 14:12:794 INFO  HomePage :37 - Clicking on login link : [[ChromeDriver: chrome on WINDOWS (7961f0c7d24ffc6dc8e3ae6d18b530bb)] -> link text: Log in]
2022-12-17 14:12:842 INFO  LoginPage :44 - Getting text from : [[ChromeDriver: chrome on WINDOWS (7961f0c7d24ffc6dc8e3ae6d18b530bb)] -> xpath: //h1[contains(text(),'Welcome, Please Sign In!')]]
2022-12-17 15:12:350 INFO  HomePage :37 - Clicking on login link : [[ChromeDriver: chrome on WINDOWS (d8e27cceb844b9172b21f2bb4a089e2d)] -> link text: Log in]
2022-12-17 15:12:384 INFO  LoginPage :44 - Getting text from : [[ChromeDriver: chrome on WINDOWS (d8e27cceb844b9172b21f2bb4a089e2d)] -> xpath: //h1[contains(text(),'Welcome, Please Sign In!')]]
2022-12-17 15:12:176 INFO  HomePage :37 - Clicking on login link : [[ChromeDriver: chrome on WINDOWS (4f27ca99fea877b50ab0c0dde3ad81ad)] -> link text: Log in]
2022-12-17 15:12:01 INFO  HomePage :37 - Clicking on login link : [[ChromeDriver: chrome on WINDOWS (5963379265710aab87deb2726b2e8f9e)] -> link text: Log in]
2022-12-17 15:12:50 INFO  LoginPage :44 - Getting text from : [[ChromeDriver: chrome on WINDOWS (5963379265710aab87deb2726b2e8f9e)] -> xpath: //h1[contains(text(),'Welcome, Please Sign In!')]]
2022-12-17 15:12:946 INFO  HomePage :37 - Clicking on login link : [[ChromeDriver: chrome on WINDOWS (cbc1bcdbaad8eaee6b840472b26ec525)] -> link text: Log in]
2022-12-17 15:12:444 INFO  HomePage :37 - Clicking on login link : [[ChromeDriver: chrome on WINDOWS (2a3557cd983b2b53c8902076ecb63d1d)] -> link text: Log in]
2022-12-17 15:12:501 INFO  LoginPage :44 - Getting text from : [[ChromeDriver: chrome on WINDOWS (2a3557cd983b2b53c8902076ecb63d1d)] -> xpath: //h1[contains(text(),'Welcome, Please Sign In!')]]
2022-12-17 15:12:952 INFO  HomePage :37 - Clicking on login link : [[ChromeDriver: chrome on WINDOWS (e4e15aef0617ca21806ea8fd91b4bc2a)] -> link text: Log in]
2022-12-17 18:12:836 INFO  HomePage :37 - Clicking on login link : [[ChromeDriver: chrome on WINDOWS (4bcf668ff6af37858ab864b24ca1370f)] -> link text: Log in]
2022-12-17 18:12:874 INFO  LoginPage :44 - Getting text from : [[ChromeDriver: chrome on WINDOWS (4bcf668ff6af37858ab864b24ca1370f)] -> xpath: //h1[contains(text(),'Welcome, Please Sign In!')]]
2022-12-17 18:12:865 INFO  HomePage :37 - Clicking on login link : [[ChromeDriver: chrome on WINDOWS (9d83725d7c31cb6be6ab890a854bf32d)] -> link text: Log in]
2022-12-20 20:12:499 INFO  HomePage :50 - Clicking on login link : [[ChromeDriver: chrome on WINDOWS (d5401e79999b3d4cd30668851432b426)] -> xpath: //div[@class='header-menu']/ul[1]/li[1]/a]
2022-12-20 20:12:815 INFO  HomePage :55 - Clicking on login link : [[ChromeDriver: chrome on WINDOWS (d5401e79999b3d4cd30668851432b426)] -> xpath: //div[@class='header-menu']/ul[1]/li[2]/a]
2022-12-20 20:12:141 INFO  HomePage :60 - Clicking on login link : [[ChromeDriver: chrome on WINDOWS (d5401e79999b3d4cd30668851432b426)] -> xpath: //div[@class='header-menu']/ul[1]/li[3]/a]
2022-12-20 20:12:465 INFO  HomePage :65 - Clicking on login link : [[ChromeDriver: chrome on WINDOWS (d5401e79999b3d4cd30668851432b426)] -> xpath: //div[@class='header-menu']/ul[1]/li[4]/a]
2022-12-20 20:12:792 INFO  HomePage :70 - Clicking on login link : [[ChromeDriver: chrome on WINDOWS (d5401e79999b3d4cd30668851432b426)] -> xpath: //div[@class='header-menu']/ul[1]/li[5]/a]
2022-12-20 20:12:126 INFO  HomePage :75 - Clicking on login link : [[ChromeDriver: chrome on WINDOWS (d5401e79999b3d4cd30668851432b426)] -> xpath: //div[@class='header-menu']/ul[1]/li[6]/a]
2022-12-20 20:12:426 INFO  HomePage :80 - Clicking on login link : [[ChromeDriver: chrome on WINDOWS (d5401e79999b3d4cd30668851432b426)] -> xpath: //div[@class='header-menu']/ul[1]/li[7]/a]
2022-12-20 20:12:161 INFO  HomePage :50 - Clicking on login link : [[ChromeDriver: chrome on WINDOWS (66a88ed9f22960dc543cbe20c7ca3b94)] -> xpath: //div[@class='header-menu']/ul[1]/li[1]/a]
2022-12-20 20:12:128 INFO  HomePage :50 - Clicking on login link : [[ChromeDriver: chrome on WINDOWS (d33f707e18055b0bdad4bfbce552c423)] -> xpath: //div[@class='header-menu']/ul[1]/li[1]/a]
2022-12-20 21:12:784 INFO  HomePage :50 - Clicking on login link : [[ChromeDriver: chrome on WINDOWS (aa84f4a61339fcb3ca103dc4998a1394)] -> xpath: //div[@class='header-menu']/ul[1]/li[1]/a]
2022-12-20 21:12:467 INFO  HomePage :55 - Clicking on login link : [[ChromeDriver: chrome on WINDOWS (aa84f4a61339fcb3ca103dc4998a1394)] -> xpath: //div[@class='header-menu']/ul[1]/li[2]/a]
2022-12-20 21:12:806 INFO  HomePage :60 - Clicking on login link : [[ChromeDriver: chrome on WINDOWS (aa84f4a61339fcb3ca103dc4998a1394)] -> xpath: //div[@class='header-menu']/ul[1]/li[3]/a]
2022-12-20 21:12:172 INFO  HomePage :65 - Clicking on login link : [[ChromeDriver: chrome on WINDOWS (aa84f4a61339fcb3ca103dc4998a1394)] -> xpath: //div[@class='header-menu']/ul[1]/li[4]/a]
2022-12-20 21:12:531 INFO  HomePage :70 - Clicking on login link : [[ChromeDriver: chrome on WINDOWS (aa84f4a61339fcb3ca103dc4998a1394)] -> xpath: //div[@class='header-menu']/ul[1]/li[5]/a]
2022-12-20 21:12:914 INFO  HomePage :75 - Clicking on login link : [[ChromeDriver: chrome on WINDOWS (aa84f4a61339fcb3ca103dc4998a1394)] -> xpath: //div[@class='header-menu']/ul[1]/li[6]/a]
2022-12-20 21:12:266 INFO  HomePage :80 - Clicking on login link : [[ChromeDriver: chrome on WINDOWS (aa84f4a61339fcb3ca103dc4998a1394)] -> xpath: //div[@class='header-menu']/ul[1]/li[7]/a]
2022-12-20 21:12:618 INFO  HomePage :50 - Clicking on login link : [[ChromeDriver: chrome on WINDOWS (2177b000d5e1a5e81351d157d8e8164e)] -> xpath: //div[@class='header-menu']/ul[1]/li[1]/a]
2022-12-20 21:12:402 INFO  ComputerPage :261 - Clicking on login link : [[ChromeDriver: chrome on WINDOWS (2177b000d5e1a5e81351d157d8e8164e)] -> xpath: //h2[@class='title']//a]
2022-12-20 21:12:498 INFO  ComputerPage :267 - Clicking on login link : [[ChromeDriver: chrome on WINDOWS (2177b000d5e1a5e81351d157d8e8164e)] -> name: products-orderby]
2022-12-20 21:12:40 INFO  HomePage :50 - Clicking on login link : [[ChromeDriver: chrome on WINDOWS (ed5278fa44918d6c4caef88042c7a7da)] -> xpath: //div[@class='header-menu']/ul[1]/li[1]/a]
2022-12-20 21:12:913 INFO  ComputerPage :261 - Clicking on login link : [[ChromeDriver: chrome on WINDOWS (ed5278fa44918d6c4caef88042c7a7da)] -> xpath: //h2[@class='title']//a]
2022-12-20 21:12:01 INFO  ComputerPage :267 - Clicking on login link : [[ChromeDriver: chrome on WINDOWS (ed5278fa44918d6c4caef88042c7a7da)] -> name: products-orderby]
2022-12-20 21:12:498 INFO  HomePage :50 - Clicking on login link : [[ChromeDriver: chrome on WINDOWS (97ca7acb5585962e80285b1e517c8cb6)] -> xpath: //div[@class='header-menu']/ul[1]/li[1]/a]
2022-12-20 21:12:293 INFO  ComputerPage :261 - Clicking on login link : [[ChromeDriver: chrome on WINDOWS (97ca7acb5585962e80285b1e517c8cb6)] -> xpath: //h2[@class='title']//a]
2022-12-20 21:12:386 INFO  ComputerPage :267 - Clicking on login link : [[ChromeDriver: chrome on WINDOWS (97ca7acb5585962e80285b1e517c8cb6)] -> name: products-orderby]
2022-12-20 21:12:350 INFO  HomePage :50 - Clicking on login link : [[ChromeDriver: chrome on WINDOWS (8d2a3ac46a839b32c3968c36081b54df)] -> xpath: //div[@class='header-menu']/ul[1]/li[1]/a]
2022-12-20 21:12:797 INFO  ComputerPage :261 - Clicking on login link : [[ChromeDriver: chrome on WINDOWS (8d2a3ac46a839b32c3968c36081b54df)] -> xpath: //h2[@class='title']//a]
2022-12-20 21:12:832 INFO  ComputerPage :273 - Clicking on login link : [[ChromeDriver: chrome on WINDOWS (8d2a3ac46a839b32c3968c36081b54df)] -> class name: product-title]
2022-12-20 21:12:782 INFO  ComputerPage :324 - Clicking on login link : [[ChromeDriver: chrome on WINDOWS (8d2a3ac46a839b32c3968c36081b54df)] -> xpath: //h1[contains(text(),'Build your own computer')]]
2022-12-20 21:12:866 INFO  ComputerPage :330 - Clicking on login link : [[ChromeDriver: chrome on WINDOWS (8d2a3ac46a839b32c3968c36081b54df)] -> xpath: //select[@id='product_attribute_1']]
2022-12-20 21:12:953 INFO  ComputerPage :337 - Clicking on login link : [[ChromeDriver: chrome on WINDOWS (8d2a3ac46a839b32c3968c36081b54df)] -> xpath: //select[@id='product_attribute_1']]
2022-12-20 21:12:03 INFO  ComputerPage :343 - Clicking on login link : [[ChromeDriver: chrome on WINDOWS (8d2a3ac46a839b32c3968c36081b54df)] -> xpath: //label[@for='product_attribute_3_7']]
2022-12-20 21:12:56 INFO  ComputerPage :349 - Clicking on login link : [[ChromeDriver: chrome on WINDOWS (8d2a3ac46a839b32c3968c36081b54df)] -> xpath: //input[@id='product_attribute_4_9']]
2022-12-20 21:12:110 INFO  ComputerPage :354 - Clicking on login link : [[ChromeDriver: chrome on WINDOWS (8d2a3ac46a839b32c3968c36081b54df)] -> xpath: //input[@id='product_attribute_5_12']]
2022-12-20 21:12:775 INFO  ComputerPage :361 - Clicking on login link : [[ChromeDriver: chrome on WINDOWS (8d2a3ac46a839b32c3968c36081b54df)] -> xpath: //span[text()='$1,475.00']]
2022-12-20 21:12:825 INFO  ComputerPage :368 - Clicking on login link : [[ChromeDriver: chrome on WINDOWS (8d2a3ac46a839b32c3968c36081b54df)] -> xpath: //button[@id='add-to-cart-button-1']]
2022-12-20 21:12:118 INFO  ComputerPage :374 - Clicking on login link : [[ChromeDriver: chrome on WINDOWS (8d2a3ac46a839b32c3968c36081b54df)] -> xpath: //p[@class='content']]
2022-12-20 21:12:496 INFO  ComputerPage :388 - Clicking on login link : [[ChromeDriver: chrome on WINDOWS (8d2a3ac46a839b32c3968c36081b54df)] -> xpath: //a[contains(text(),'shopping cart')]]
2022-12-20 21:12:529 INFO  ComputerPage :395 - Clicking on login link : [[ChromeDriver: chrome on WINDOWS (8d2a3ac46a839b32c3968c36081b54df)] -> xpath: //h1[contains(text(),'Shopping cart')]]
2022-12-20 21:12:607 INFO  ComputerPage :403 - Clicking on login link : [[ChromeDriver: chrome on WINDOWS (8d2a3ac46a839b32c3968c36081b54df)] -> xpath: //input[@value='1']]
2022-12-20 21:12:04 INFO  ComputerPage :406 - Clicking on login link : [[ChromeDriver: chrome on WINDOWS (8d2a3ac46a839b32c3968c36081b54df)] -> xpath: //button[@id='updatecart']]
2022-12-20 21:12:39 INFO  ComputerPage :412 - Clicking on login link : [[ChromeDriver: chrome on WINDOWS (8d2a3ac46a839b32c3968c36081b54df)] -> xpath: //tbody/tr[4]/td[2]]
2022-12-20 21:12:89 INFO  ComputerPage :418 - Clicking on login link : [[ChromeDriver: chrome on WINDOWS (8d2a3ac46a839b32c3968c36081b54df)] -> xpath: //input[@id='termsofservice']]
2022-12-20 21:12:574 INFO  ComputerPage :423 - Clicking on login link : [[ChromeDriver: chrome on WINDOWS (8d2a3ac46a839b32c3968c36081b54df)] -> xpath: //button[@id='checkout']]
2022-12-20 21:12:212 INFO  ComputerPage :433 - Clicking on login link : [[ChromeDriver: chrome on WINDOWS (8d2a3ac46a839b32c3968c36081b54df)] -> xpath: //button[contains(text(),'Checkout as Guest')]]
2022-12-20 21:12:274 INFO  ComputerPage :438 - Clicking on login link : [[ChromeDriver: chrome on WINDOWS (8d2a3ac46a839b32c3968c36081b54df)] -> name: BillingNewAddress.FirstName]
2022-12-20 21:12:351 INFO  ComputerPage :442 - Clicking on login link : [[ChromeDriver: chrome on WINDOWS (8d2a3ac46a839b32c3968c36081b54df)] -> name: BillingNewAddress.LastName]
2022-12-20 21:12:421 INFO  ComputerPage :446 - Clicking on login link : [[ChromeDriver: chrome on WINDOWS (8d2a3ac46a839b32c3968c36081b54df)] -> id: BillingNewAddress_Email]
2022-12-20 21:12:500 INFO  ComputerPage :450 - Clicking on login link : [[ChromeDriver: chrome on WINDOWS (8d2a3ac46a839b32c3968c36081b54df)] -> name: BillingNewAddress.CountryId]
2022-12-20 21:12:563 INFO  ComputerPage :455 - Clicking on login link : [[ChromeDriver: chrome on WINDOWS (8d2a3ac46a839b32c3968c36081b54df)] -> name: BillingNewAddress.City]
2022-12-20 21:12:637 INFO  ComputerPage :460 - Clicking on login link : [[ChromeDriver: chrome on WINDOWS (8d2a3ac46a839b32c3968c36081b54df)] -> name: BillingNewAddress.Address1]
2022-12-20 21:12:710 INFO  ComputerPage :464 - Clicking on login link : [[ChromeDriver: chrome on WINDOWS (8d2a3ac46a839b32c3968c36081b54df)] -> id: BillingNewAddress_ZipPostalCode]
2022-12-20 21:12:781 INFO  ComputerPage :468 - Clicking on login link : [[ChromeDriver: chrome on WINDOWS (8d2a3ac46a839b32c3968c36081b54df)] -> id: BillingNewAddress_PhoneNumber]
2022-12-20 21:12:827 INFO  ComputerPage :472 - Clicking on login link : [[ChromeDriver: chrome on WINDOWS (8d2a3ac46a839b32c3968c36081b54df)] -> xpath: //button[@onclick='Billing.save()']]
2022-12-20 21:12:134 INFO  ComputerPage :477 - Clicking on login link : [[ChromeDriver: chrome on WINDOWS (8d2a3ac46a839b32c3968c36081b54df)] -> xpath: //label[contains(text(),'Next Day Air ($0.00)')]]
2022-12-20 21:12:188 INFO  ComputerPage :482 - Clicking on login link : [[ChromeDriver: chrome on WINDOWS (8d2a3ac46a839b32c3968c36081b54df)] -> xpath: //body/div[6]/div[3]/div[1]/div[1]/div[1]/div[2]/ol[1]/li[3]/div[2]/form[1]/div[2]/button[1]]
2022-12-20 21:12:497 INFO  ComputerPage :487 - Clicking on login link : [[ChromeDriver: chrome on WINDOWS (8d2a3ac46a839b32c3968c36081b54df)] -> xpath: //input[@id='paymentmethod_1']]
2022-12-20 21:12:541 INFO  ComputerPage :491 - Clicking on login link : [[ChromeDriver: chrome on WINDOWS (8d2a3ac46a839b32c3968c36081b54df)] -> xpath: //body/div[6]/div[3]/div[1]/div[1]/div[1]/div[2]/ol[1]/li[4]/div[2]/div[1]/button[1]]
2022-12-20 21:12:873 INFO  ComputerPage :496 - Clicking on login link : [[ChromeDriver: chrome on WINDOWS (8d2a3ac46a839b32c3968c36081b54df)] -> xpath: //select[@id='CreditCardType']]
2022-12-20 21:12:906 INFO  ComputerPage :500 - Clicking on login link : [[ChromeDriver: chrome on WINDOWS (8d2a3ac46a839b32c3968c36081b54df)] -> xpath: //option[contains(text(),'Master card')]]
2022-12-20 21:12:971 INFO  ComputerPage :505 - Clicking on login link : [[ChromeDriver: chrome on WINDOWS (8d2a3ac46a839b32c3968c36081b54df)] -> name: CardholderName]
2022-12-20 21:12:33 INFO  ComputerPage :509 - Clicking on login link : [[ChromeDriver: chrome on WINDOWS (8d2a3ac46a839b32c3968c36081b54df)] -> id: CardNumber]
2022-12-20 21:12:116 INFO  ComputerPage :513 - Clicking on login link : [[ChromeDriver: chrome on WINDOWS (8d2a3ac46a839b32c3968c36081b54df)] -> id: ExpireMonth]
2022-12-20 21:12:192 INFO  ComputerPage :517 - Clicking on login link : [[ChromeDriver: chrome on WINDOWS (8d2a3ac46a839b32c3968c36081b54df)] -> id: ExpireYear]
2022-12-20 21:12:234 INFO  ComputerPage :517 - Clicking on login link : [[ChromeDriver: chrome on WINDOWS (8d2a3ac46a839b32c3968c36081b54df)] -> id: ExpireYear]
2022-12-20 21:12:275 INFO  ComputerPage :526 - Clicking on login link : [[ChromeDriver: chrome on WINDOWS (8d2a3ac46a839b32c3968c36081b54df)] -> xpath: //body/div[6]/div[3]/div[1]/div[1]/div[1]/div[2]/ol[1]/li[5]/div[2]/div[1]/button[1]]
2022-12-20 21:12:26 INFO  HomePage :50 - Clicking on login link : [[ChromeDriver: chrome on WINDOWS (3aa491273556e2f4b6b322c8a18f3d2d)] -> xpath: //div[@class='header-menu']/ul[1]/li[1]/a]
2022-12-20 21:12:387 INFO  ComputerPage :261 - Clicking on login link : [[ChromeDriver: chrome on WINDOWS (3aa491273556e2f4b6b322c8a18f3d2d)] -> xpath: //h2[@class='title']//a]
2022-12-20 21:12:425 INFO  ComputerPage :273 - Clicking on login link : [[ChromeDriver: chrome on WINDOWS (3aa491273556e2f4b6b322c8a18f3d2d)] -> class name: product-title]
2022-12-20 21:12:348 INFO  ComputerPage :324 - Clicking on login link : [[ChromeDriver: chrome on WINDOWS (3aa491273556e2f4b6b322c8a18f3d2d)] -> xpath: //h1[contains(text(),'Build your own computer')]]
2022-12-20 21:12:446 INFO  ComputerPage :330 - Clicking on login link : [[ChromeDriver: chrome on WINDOWS (3aa491273556e2f4b6b322c8a18f3d2d)] -> xpath: //select[@id='product_attribute_1']]
2022-12-20 21:12:536 INFO  ComputerPage :337 - Clicking on login link : [[ChromeDriver: chrome on WINDOWS (3aa491273556e2f4b6b322c8a18f3d2d)] -> xpath: //select[@id='product_attribute_1']]
2022-12-20 21:12:582 INFO  ComputerPage :343 - Clicking on login link : [[ChromeDriver: chrome on WINDOWS (3aa491273556e2f4b6b322c8a18f3d2d)] -> xpath: //label[@for='product_attribute_3_7']]
2022-12-20 21:12:636 INFO  ComputerPage :349 - Clicking on login link : [[ChromeDriver: chrome on WINDOWS (3aa491273556e2f4b6b322c8a18f3d2d)] -> xpath: //input[@id='product_attribute_4_9']]
2022-12-20 21:12:694 INFO  ComputerPage :354 - Clicking on login link : [[ChromeDriver: chrome on WINDOWS (3aa491273556e2f4b6b322c8a18f3d2d)] -> xpath: //input[@id='product_attribute_5_12']]
2022-12-20 21:12:348 INFO  ComputerPage :361 - Clicking on login link : [[ChromeDriver: chrome on WINDOWS (3aa491273556e2f4b6b322c8a18f3d2d)] -> xpath: //span[text()='$1,475.00']]
2022-12-20 21:12:413 INFO  ComputerPage :368 - Clicking on login link : [[ChromeDriver: chrome on WINDOWS (3aa491273556e2f4b6b322c8a18f3d2d)] -> xpath: //button[@id='add-to-cart-button-1']]
2022-12-20 21:12:696 INFO  ComputerPage :374 - Clicking on login link : [[ChromeDriver: chrome on WINDOWS (3aa491273556e2f4b6b322c8a18f3d2d)] -> xpath: //p[@class='content']]
2022-12-20 21:12:811 INFO  ComputerPage :388 - Clicking on login link : [[ChromeDriver: chrome on WINDOWS (3aa491273556e2f4b6b322c8a18f3d2d)] -> xpath: //a[contains(text(),'shopping cart')]]
2022-12-20 21:12:849 INFO  ComputerPage :395 - Clicking on login link : [[ChromeDriver: chrome on WINDOWS (3aa491273556e2f4b6b322c8a18f3d2d)] -> xpath: //h1[contains(text(),'Shopping cart')]]
2022-12-20 21:12:941 INFO  ComputerPage :403 - Clicking on login link : [[ChromeDriver: chrome on WINDOWS (3aa491273556e2f4b6b322c8a18f3d2d)] -> xpath: //input[@value='1']]
2022-12-20 21:12:406 INFO  ComputerPage :406 - Clicking on login link : [[ChromeDriver: chrome on WINDOWS (3aa491273556e2f4b6b322c8a18f3d2d)] -> xpath: //button[@id='updatecart']]
2022-12-20 21:12:443 INFO  ComputerPage :412 - Clicking on login link : [[ChromeDriver: chrome on WINDOWS (3aa491273556e2f4b6b322c8a18f3d2d)] -> xpath: //tbody/tr[4]/td[2]]
2022-12-20 21:12:500 INFO  ComputerPage :418 - Clicking on login link : [[ChromeDriver: chrome on WINDOWS (3aa491273556e2f4b6b322c8a18f3d2d)] -> xpath: //input[@id='termsofservice']]
2022-12-20 21:12:33 INFO  ComputerPage :423 - Clicking on login link : [[ChromeDriver: chrome on WINDOWS (3aa491273556e2f4b6b322c8a18f3d2d)] -> xpath: //button[@id='checkout']]
2022-12-20 21:12:680 INFO  ComputerPage :433 - Clicking on login link : [[ChromeDriver: chrome on WINDOWS (3aa491273556e2f4b6b322c8a18f3d2d)] -> xpath: //button[contains(text(),'Checkout as Guest')]]
2022-12-20 21:12:754 INFO  ComputerPage :438 - Clicking on login link : [[ChromeDriver: chrome on WINDOWS (3aa491273556e2f4b6b322c8a18f3d2d)] -> name: BillingNewAddress.FirstName]
2022-12-20 21:12:827 INFO  ComputerPage :442 - Clicking on login link : [[ChromeDriver: chrome on WINDOWS (3aa491273556e2f4b6b322c8a18f3d2d)] -> name: BillingNewAddress.LastName]
2022-12-20 21:12:904 INFO  ComputerPage :446 - Clicking on login link : [[ChromeDriver: chrome on WINDOWS (3aa491273556e2f4b6b322c8a18f3d2d)] -> id: BillingNewAddress_Email]
2022-12-20 21:12:988 INFO  ComputerPage :450 - Clicking on login link : [[ChromeDriver: chrome on WINDOWS (3aa491273556e2f4b6b322c8a18f3d2d)] -> name: BillingNewAddress.CountryId]
2022-12-20 21:12:51 INFO  ComputerPage :455 - Clicking on login link : [[ChromeDriver: chrome on WINDOWS (3aa491273556e2f4b6b322c8a18f3d2d)] -> name: BillingNewAddress.City]
2022-12-20 21:12:128 INFO  ComputerPage :460 - Clicking on login link : [[ChromeDriver: chrome on WINDOWS (3aa491273556e2f4b6b322c8a18f3d2d)] -> name: BillingNewAddress.Address1]
2022-12-20 21:12:207 INFO  ComputerPage :464 - Clicking on login link : [[ChromeDriver: chrome on WINDOWS (3aa491273556e2f4b6b322c8a18f3d2d)] -> id: BillingNewAddress_ZipPostalCode]
2022-12-20 21:12:285 INFO  ComputerPage :468 - Clicking on login link : [[ChromeDriver: chrome on WINDOWS (3aa491273556e2f4b6b322c8a18f3d2d)] -> id: BillingNewAddress_PhoneNumber]
2022-12-20 21:12:338 INFO  ComputerPage :472 - Clicking on login link : [[ChromeDriver: chrome on WINDOWS (3aa491273556e2f4b6b322c8a18f3d2d)] -> xpath: //button[@onclick='Billing.save()']]
2022-12-20 21:12:633 INFO  ComputerPage :477 - Clicking on login link : [[ChromeDriver: chrome on WINDOWS (3aa491273556e2f4b6b322c8a18f3d2d)] -> xpath: //label[contains(text(),'Next Day Air ($0.00)')]]
2022-12-20 21:12:689 INFO  ComputerPage :482 - Clicking on login link : [[ChromeDriver: chrome on WINDOWS (3aa491273556e2f4b6b322c8a18f3d2d)] -> xpath: //body/div[6]/div[3]/div[1]/div[1]/div[1]/div[2]/ol[1]/li[3]/div[2]/form[1]/div[2]/button[1]]
2022-12-20 21:12:931 INFO  ComputerPage :487 - Clicking on login link : [[ChromeDriver: chrome on WINDOWS (3aa491273556e2f4b6b322c8a18f3d2d)] -> xpath: //input[@id='paymentmethod_1']]
2022-12-20 21:12:982 INFO  ComputerPage :491 - Clicking on login link : [[ChromeDriver: chrome on WINDOWS (3aa491273556e2f4b6b322c8a18f3d2d)] -> xpath: //body/div[6]/div[3]/div[1]/div[1]/div[1]/div[2]/ol[1]/li[4]/div[2]/div[1]/button[1]]
2022-12-20 21:12:267 INFO  ComputerPage :496 - Clicking on login link : [[ChromeDriver: chrome on WINDOWS (3aa491273556e2f4b6b322c8a18f3d2d)] -> xpath: //select[@id='CreditCardType']]
2022-12-20 21:12:310 INFO  ComputerPage :500 - Clicking on login link : [[ChromeDriver: chrome on WINDOWS (3aa491273556e2f4b6b322c8a18f3d2d)] -> xpath: //option[contains(text(),'Master card')]]
2022-12-20 21:12:375 INFO  ComputerPage :505 - Clicking on login link : [[ChromeDriver: chrome on WINDOWS (3aa491273556e2f4b6b322c8a18f3d2d)] -> name: CardholderName]
2022-12-20 21:12:444 INFO  ComputerPage :509 - Clicking on login link : [[ChromeDriver: chrome on WINDOWS (3aa491273556e2f4b6b322c8a18f3d2d)] -> id: CardNumber]
2022-12-20 21:12:522 INFO  ComputerPage :513 - Clicking on login link : [[ChromeDriver: chrome on WINDOWS (3aa491273556e2f4b6b322c8a18f3d2d)] -> id: ExpireMonth]
2022-12-20 21:12:600 INFO  ComputerPage :517 - Clicking on login link : [[ChromeDriver: chrome on WINDOWS (3aa491273556e2f4b6b322c8a18f3d2d)] -> id: ExpireYear]
2022-12-20 21:12:656 INFO  ComputerPage :521 - Clicking on login link : [[ChromeDriver: chrome on WINDOWS (3aa491273556e2f4b6b322c8a18f3d2d)] -> xpath: //input[@id='CardCode']]
2022-12-20 21:12:704 INFO  ComputerPage :526 - Clicking on login link : [[ChromeDriver: chrome on WINDOWS (3aa491273556e2f4b6b322c8a18f3d2d)] -> xpath: //body/div[6]/div[3]/div[1]/div[1]/div[1]/div[2]/ol[1]/li[5]/div[2]/div[1]/button[1]]
2022-12-20 21:12:988 INFO  ComputerPage :532 - Clicking on login link : [[ChromeDriver: chrome on WINDOWS (3aa491273556e2f4b6b322c8a18f3d2d)] -> xpath: //li[@class='payment-method']]
2022-12-20 21:12:15 INFO  ComputerPage :538 - Clicking on login link : [[ChromeDriver: chrome on WINDOWS (3aa491273556e2f4b6b322c8a18f3d2d)] -> xpath: //body/div[6]/div[3]/div[1]/div[1]/div[1]/div[2]/ol[1]/li[6]/div[2]/div[1]/div[1]/div[1]/div[1]/div[1]/div[2]/div[2]/ul[1]/li[1]]
2022-12-20 21:12:41 INFO  ComputerPage :543 - Clicking on login link : [[ChromeDriver: chrome on WINDOWS (3aa491273556e2f4b6b322c8a18f3d2d)] -> xpath: //body[1]/div[6]/div[3]/div[1]/div[1]/div[1]/div[2]/ol[1]/li[6]/div[2]/div[1]/div[1]/div[1]/div[1]/form[1]/div[3]/div[1]/div[1]/table[1]/tbody[1]/tr[4]/td[2]/span[1]/strong[1]]
2022-12-20 21:12:87 INFO  ComputerPage :549 - Clicking on login link : [[ChromeDriver: chrome on WINDOWS (3aa491273556e2f4b6b322c8a18f3d2d)] -> xpath: //button[contains(text(),'Confirm')]]
2022-12-20 21:12:743 INFO  ComputerPage :554 - Clicking on login link : [[ChromeDriver: chrome on WINDOWS (3aa491273556e2f4b6b322c8a18f3d2d)] -> xpath: //h1[contains(text(),'Thank you')]]
2022-12-20 21:12:769 INFO  ComputerPage :559 - Clicking on login link : [[ChromeDriver: chrome on WINDOWS (3aa491273556e2f4b6b322c8a18f3d2d)] -> xpath: //strong[contains(text(),'Your order has been successfully processed!')]]
2022-12-20 21:12:120 INFO  ComputerPage :565 - Clicking on login link : [[ChromeDriver: chrome on WINDOWS (3aa491273556e2f4b6b322c8a18f3d2d)] -> xpath: //button[contains(text(),'Continue')]]
2022-12-20 21:12:151 INFO  ComputerPage :570 - Clicking on login link : [[ChromeDriver: chrome on WINDOWS (3aa491273556e2f4b6b322c8a18f3d2d)] -> xpath: //h2[contains(text(),'Welcome to our store')]]
2022-12-20 22:12:643 INFO  HomePage :50 - Clicking on login link : [[ChromeDriver: chrome on WINDOWS (3ab6884c1ed8e91fd2c9f6ddba75cf36)] -> xpath: //div[@class='header-menu']/ul[1]/li[1]/a]
2022-12-20 22:12:403 INFO  HomePage :55 - Clicking on login link : [[ChromeDriver: chrome on WINDOWS (3ab6884c1ed8e91fd2c9f6ddba75cf36)] -> xpath: //div[@class='header-menu']/ul[1]/li[2]/a]
2022-12-20 22:12:711 INFO  HomePage :60 - Clicking on login link : [[ChromeDriver: chrome on WINDOWS (3ab6884c1ed8e91fd2c9f6ddba75cf36)] -> xpath: //div[@class='header-menu']/ul[1]/li[3]/a]
2022-12-20 22:12:70 INFO  HomePage :65 - Clicking on login link : [[ChromeDriver: chrome on WINDOWS (3ab6884c1ed8e91fd2c9f6ddba75cf36)] -> xpath: //div[@class='header-menu']/ul[1]/li[4]/a]
2022-12-20 22:12:398 INFO  HomePage :70 - Clicking on login link : [[ChromeDriver: chrome on WINDOWS (3ab6884c1ed8e91fd2c9f6ddba75cf36)] -> xpath: //div[@class='header-menu']/ul[1]/li[5]/a]
2022-12-20 22:12:747 INFO  HomePage :75 - Clicking on login link : [[ChromeDriver: chrome on WINDOWS (3ab6884c1ed8e91fd2c9f6ddba75cf36)] -> xpath: //div[@class='header-menu']/ul[1]/li[6]/a]
2022-12-20 22:12:112 INFO  HomePage :80 - Clicking on login link : [[ChromeDriver: chrome on WINDOWS (3ab6884c1ed8e91fd2c9f6ddba75cf36)] -> xpath: //div[@class='header-menu']/ul[1]/li[7]/a]
2022-12-20 22:12:846 INFO  HomePage :50 - Clicking on login link : [[ChromeDriver: chrome on WINDOWS (7baaccd53f53d66ca9c1a662f5fd86bc)] -> xpath: //div[@class='header-menu']/ul[1]/li[1]/a]
2022-12-20 22:12:321 INFO  ComputerPage :261 - Clicking on login link : [[ChromeDriver: chrome on WINDOWS (7baaccd53f53d66ca9c1a662f5fd86bc)] -> xpath: //h2[@class='title']//a]
2022-12-20 22:12:416 INFO  ComputerPage :267 - Clicking on login link : [[ChromeDriver: chrome on WINDOWS (7baaccd53f53d66ca9c1a662f5fd86bc)] -> name: products-orderby]
2022-12-20 22:12:553 INFO  HomePage :55 - Clicking on login link : [[ChromeDriver: chrome on WINDOWS (0fcb794b225709f226d284b5f384a434)] -> xpath: //div[@class='header-menu']/ul[1]/li[2]/a]
2022-12-20 22:12:322 INFO  ElectronicsPage :235 - Clicking on login link : [[ChromeDriver: chrome on WINDOWS (0fcb794b225709f226d284b5f384a434)] -> xpath: //body/div[6]/div[3]/div[1]/div[3]/div[1]/div[2]/div[1]/div[1]/div[2]/div[1]/h2[1]/a[1]]
2022-12-20 22:12:352 INFO  ElectronicsPage :248 - Clicking on login link : [[ChromeDriver: chrome on WINDOWS (0fcb794b225709f226d284b5f384a434)] -> xpath: //body/div[6]/div[2]/ul[1]/li[2]/ul[1]/li[2]/a[1]]
2022-12-20 22:12:57 INFO  HomePage :50 - Clicking on login link : [[ChromeDriver: chrome on WINDOWS (91bef7793988f0095008882c8fb46b6b)] -> xpath: //div[@class='header-menu']/ul[1]/li[1]/a]
2022-12-20 22:12:912 INFO  HomePage :55 - Clicking on login link : [[ChromeDriver: chrome on WINDOWS (91bef7793988f0095008882c8fb46b6b)] -> xpath: //div[@class='header-menu']/ul[1]/li[2]/a]
2022-12-20 22:12:660 INFO  HomePage :60 - Clicking on login link : [[ChromeDriver: chrome on WINDOWS (91bef7793988f0095008882c8fb46b6b)] -> xpath: //div[@class='header-menu']/ul[1]/li[3]/a]
2022-12-20 22:12:433 INFO  HomePage :65 - Clicking on login link : [[ChromeDriver: chrome on WINDOWS (91bef7793988f0095008882c8fb46b6b)] -> xpath: //div[@class='header-menu']/ul[1]/li[4]/a]
2022-12-20 22:12:777 INFO  HomePage :70 - Clicking on login link : [[ChromeDriver: chrome on WINDOWS (91bef7793988f0095008882c8fb46b6b)] -> xpath: //div[@class='header-menu']/ul[1]/li[5]/a]
2022-12-20 22:12:111 INFO  HomePage :75 - Clicking on login link : [[ChromeDriver: chrome on WINDOWS (91bef7793988f0095008882c8fb46b6b)] -> xpath: //div[@class='header-menu']/ul[1]/li[6]/a]
2022-12-20 22:12:436 INFO  HomePage :80 - Clicking on login link : [[ChromeDriver: chrome on WINDOWS (91bef7793988f0095008882c8fb46b6b)] -> xpath: //div[@class='header-menu']/ul[1]/li[7]/a]
2022-12-20 22:12:52 INFO  HomePage :50 - Clicking on login link : [[ChromeDriver: chrome on WINDOWS (418b4004a01c4883efb8554ee668a0c8)] -> xpath: //div[@class='header-menu']/ul[1]/li[1]/a]
2022-12-20 22:12:848 INFO  ComputerPage :261 - Clicking on login link : [[ChromeDriver: chrome on WINDOWS (418b4004a01c4883efb8554ee668a0c8)] -> xpath: //h2[@class='title']//a]
2022-12-20 22:12:944 INFO  ComputerPage :267 - Clicking on login link : [[ChromeDriver: chrome on WINDOWS (418b4004a01c4883efb8554ee668a0c8)] -> name: products-orderby]
2022-12-20 22:12:392 INFO  HomePage :55 - Clicking on login link : [[ChromeDriver: chrome on WINDOWS (5988134eae1b0d81af142afe63a42d8e)] -> xpath: //div[@class='header-menu']/ul[1]/li[2]/a]
2022-12-20 22:12:756 INFO  ElectronicsPage :235 - Clicking on login link : [[ChromeDriver: chrome on WINDOWS (5988134eae1b0d81af142afe63a42d8e)] -> xpath: //body/div[6]/div[3]/div[1]/div[3]/div[1]/div[2]/div[1]/div[1]/div[2]/div[1]/h2[1]/a[1]]
2022-12-20 22:12:791 INFO  ElectronicsPage :248 - Clicking on login link : [[ChromeDriver: chrome on WINDOWS (5988134eae1b0d81af142afe63a42d8e)] -> xpath: //body/div[6]/div[2]/ul[1]/li[2]/ul[1]/li[2]/a[1]]
2022-12-20 22:12:525 INFO  HomePage :55 - Clicking on login link : [[ChromeDriver: chrome on WINDOWS (a4aa6f7029a7ae721390d8fdf96c00a6)] -> xpath: //div[@class='header-menu']/ul[1]/li[2]/a]
2022-12-20 22:12:333 INFO  ElectronicsPage :241 - Clicking on login link : [[ChromeDriver: chrome on WINDOWS (a4aa6f7029a7ae721390d8fdf96c00a6)] -> xpath: //body/div[6]/div[3]/div[1]/div[3]/div[1]/div[2]/div[1]/div[1]/div[2]/div[1]/h2[1]/a[1]]
2022-12-20 22:12:215 INFO  HomePage :55 - Clicking on login link : [[ChromeDriver: chrome on WINDOWS (f92ce43bda8a71058f852932bcdc019d)] -> xpath: //div[@class='header-menu']/ul[1]/li[2]/a]
2022-12-20 22:12:703 INFO  ElectronicsPage :241 - Clicking on login link : [[ChromeDriver: chrome on WINDOWS (f92ce43bda8a71058f852932bcdc019d)] -> xpath: //body/div[6]/div[3]/div[1]/div[3]/div[1]/div[2]/div[1]/div[1]/div[2]/div[1]/h2[1]/a[1]]
2022-12-20 22:12:790 INFO  CellPhonesPage :43 - Clicking on login link : [[ChromeDriver: chrome on WINDOWS (f92ce43bda8a71058f852932bcdc019d)] -> xpath: //a[contains(text(),'List')]]
2022-12-20 22:12:70 INFO  HomePage :55 - Clicking on login link : [[ChromeDriver: chrome on WINDOWS (637c0d434e63d4b82e4a8a29489b9894)] -> xpath: //div[@class='header-menu']/ul[1]/li[2]/a]
2022-12-20 22:12:467 INFO  ElectronicsPage :241 - Clicking on login link : [[ChromeDriver: chrome on WINDOWS (637c0d434e63d4b82e4a8a29489b9894)] -> xpath: //body/div[6]/div[3]/div[1]/div[3]/div[1]/div[2]/div[1]/div[1]/div[2]/div[1]/h2[1]/a[1]]
2022-12-20 22:12:504 INFO  CellPhonesPage :37 - Clicking on login link : [[ChromeDriver: chrome on WINDOWS (637c0d434e63d4b82e4a8a29489b9894)] -> xpath: //h1[contains(text(),'Cell phones')]]
2022-12-20 22:12:557 INFO  CellPhonesPage :44 - Clicking on login link : [[ChromeDriver: chrome on WINDOWS (637c0d434e63d4b82e4a8a29489b9894)] -> xpath: //a[contains(text(),'List')]]
2022-12-20 22:12:400 INFO  HomePage :55 - Clicking on login link : [[ChromeDriver: chrome on WINDOWS (910660de0110ed655b123be7059ba1ea)] -> xpath: //div[@class='header-menu']/ul[1]/li[2]/a]
2022-12-20 22:12:883 INFO  ElectronicsPage :241 - Clicking on login link : [[ChromeDriver: chrome on WINDOWS (910660de0110ed655b123be7059ba1ea)] -> xpath: //body/div[6]/div[3]/div[1]/div[3]/div[1]/div[2]/div[1]/div[1]/div[2]/div[1]/h2[1]/a[1]]
2022-12-20 22:12:912 INFO  CellPhonesPage :41 - Clicking on login link : [[ChromeDriver: chrome on WINDOWS (910660de0110ed655b123be7059ba1ea)] -> xpath: //h1[contains(text(),'Cell phones')]]
2022-12-20 22:12:957 INFO  CellPhonesPage :48 - Clicking on login link : [[ChromeDriver: chrome on WINDOWS (910660de0110ed655b123be7059ba1ea)] -> xpath: //a[contains(text(),'List')]]
2022-12-20 22:12:649 INFO  HomePage :55 - Clicking on login link : [[ChromeDriver: chrome on WINDOWS (23d59e5297a7ced595715e9e39f87f46)] -> xpath: //div[@class='header-menu']/ul[1]/li[2]/a]
2022-12-20 22:12:204 INFO  ElectronicsPage :241 - Clicking on login link : [[ChromeDriver: chrome on WINDOWS (23d59e5297a7ced595715e9e39f87f46)] -> xpath: //body/div[6]/div[3]/div[1]/div[3]/div[1]/div[2]/div[1]/div[1]/div[2]/div[1]/h2[1]/a[1]]
2022-12-20 22:12:249 INFO  CellPhonesPage :41 - Clicking on login link : [[ChromeDriver: chrome on WINDOWS (23d59e5297a7ced595715e9e39f87f46)] -> xpath: //h1[contains(text(),'Cell phones')]]
2022-12-20 22:12:308 INFO  CellPhonesPage :48 - Clicking on login link : [[ChromeDriver: chrome on WINDOWS (23d59e5297a7ced595715e9e39f87f46)] -> xpath: //a[contains(text(),'List')]]
2022-12-20 22:12:853 INFO  HomePage :55 - Clicking on login link : [[ChromeDriver: chrome on WINDOWS (e2bd3f1dd50ab657b4d48da46d322c8b)] -> xpath: //div[@class='header-menu']/ul[1]/li[2]/a]
2022-12-20 22:12:687 INFO  ElectronicsPage :241 - Clicking on login link : [[ChromeDriver: chrome on WINDOWS (e2bd3f1dd50ab657b4d48da46d322c8b)] -> xpath: //body/div[6]/div[3]/div[1]/div[3]/div[1]/div[2]/div[1]/div[1]/div[2]/div[1]/h2[1]/a[1]]
2022-12-20 22:12:732 INFO  CellPhonesPage :41 - Clicking on login link : [[ChromeDriver: chrome on WINDOWS (e2bd3f1dd50ab657b4d48da46d322c8b)] -> xpath: //h1[contains(text(),'Cell phones')]]
2022-12-20 22:12:792 INFO  CellPhonesPage :48 - Clicking on login link : [[ChromeDriver: chrome on WINDOWS (e2bd3f1dd50ab657b4d48da46d322c8b)] -> xpath: //a[contains(text(),'List')]]
2022-12-20 22:12:273 INFO  HomePage :55 - Clicking on login link : [[ChromeDriver: chrome on WINDOWS (89e030dc1b8fb41f650a4c8bcc14502f)] -> xpath: //div[@class='header-menu']/ul[1]/li[2]/a]
2022-12-20 22:12:905 INFO  ElectronicsPage :241 - Clicking on login link : [[ChromeDriver: chrome on WINDOWS (89e030dc1b8fb41f650a4c8bcc14502f)] -> xpath: //body/div[6]/div[3]/div[1]/div[3]/div[1]/div[2]/div[1]/div[1]/div[2]/div[1]/h2[1]/a[1]]
2022-12-20 22:12:957 INFO  CellPhonesPage :41 - Clicking on login link : [[ChromeDriver: chrome on WINDOWS (89e030dc1b8fb41f650a4c8bcc14502f)] -> xpath: //h1[contains(text(),'Cell phones')]]
2022-12-20 22:12:32 INFO  CellPhonesPage :48 - Clicking on login link : [[ChromeDriver: chrome on WINDOWS (89e030dc1b8fb41f650a4c8bcc14502f)] -> xpath: //a[contains(text(),'List')]]
2022-12-20 22:12:16 INFO  HomePage :55 - Clicking on login link : [[ChromeDriver: chrome on WINDOWS (e02c89ab4739b2df44592b66b72fcd0a)] -> xpath: //div[@class='header-menu']/ul[1]/li[2]/a]
2022-12-20 22:12:488 INFO  ElectronicsPage :241 - Clicking on login link : [[ChromeDriver: chrome on WINDOWS (e02c89ab4739b2df44592b66b72fcd0a)] -> xpath: //body/div[6]/div[3]/div[1]/div[3]/div[1]/div[2]/div[1]/div[1]/div[2]/div[1]/h2[1]/a[1]]
2022-12-20 22:12:535 INFO  CellPhonesPage :41 - Clicking on login link : [[ChromeDriver: chrome on WINDOWS (e02c89ab4739b2df44592b66b72fcd0a)] -> xpath: //h1[contains(text(),'Cell phones')]]
2022-12-20 22:12:588 INFO  CellPhonesPage :48 - Clicking on login link : [[ChromeDriver: chrome on WINDOWS (e02c89ab4739b2df44592b66b72fcd0a)] -> xpath: //a[contains(text(),'List')]]
2022-12-20 22:12:859 INFO  HomePage :55 - Clicking on login link : [[ChromeDriver: chrome on WINDOWS (524b49123cda3f243ea625a369a817a8)] -> xpath: //div[@class='header-menu']/ul[1]/li[2]/a]
2022-12-20 22:12:870 INFO  ElectronicsPage :241 - Clicking on login link : [[ChromeDriver: chrome on WINDOWS (524b49123cda3f243ea625a369a817a8)] -> xpath: //body/div[6]/div[3]/div[1]/div[3]/div[1]/div[2]/div[1]/div[1]/div[2]/div[1]/h2[1]/a[1]]
2022-12-20 22:12:958 INFO  CellPhonesPage :41 - Clicking on login link : [[ChromeDriver: chrome on WINDOWS (524b49123cda3f243ea625a369a817a8)] -> xpath: //h1[contains(text(),'Cell phones')]]
2022-12-20 22:12:38 INFO  CellPhonesPage :48 - Clicking on login link : [[ChromeDriver: chrome on WINDOWS (524b49123cda3f243ea625a369a817a8)] -> xpath: //a[contains(text(),'List')]]
2022-12-20 22:12:256 INFO  HomePage :55 - Clicking on login link : [[ChromeDriver: chrome on WINDOWS (c5107936366590ff44766884660e078c)] -> xpath: //div[@class='header-menu']/ul[1]/li[2]/a]
2022-12-20 22:12:311 INFO  ElectronicsPage :241 - Clicking on login link : [[ChromeDriver: chrome on WINDOWS (c5107936366590ff44766884660e078c)] -> xpath: //body/div[6]/div[3]/div[1]/div[3]/div[1]/div[2]/div[1]/div[1]/div[2]/div[1]/h2[1]/a[1]]
2022-12-20 22:12:371 INFO  CellPhonesPage :41 - Clicking on login link : [[ChromeDriver: chrome on WINDOWS (c5107936366590ff44766884660e078c)] -> xpath: //h1[contains(text(),'Cell phones')]]
2022-12-20 22:12:439 INFO  CellPhonesPage :48 - Clicking on login link : [[ChromeDriver: chrome on WINDOWS (c5107936366590ff44766884660e078c)] -> xpath: //a[contains(text(),'List')]]
2022-12-20 22:12:37 INFO  HomePage :55 - Clicking on login link : [[ChromeDriver: chrome on WINDOWS (e59e94e22005ca81dca15f4765aa7394)] -> xpath: //div[@class='header-menu']/ul[1]/li[2]/a]
2022-12-20 22:12:461 INFO  ElectronicsPage :241 - Clicking on login link : [[ChromeDriver: chrome on WINDOWS (e59e94e22005ca81dca15f4765aa7394)] -> xpath: //body/div[6]/div[3]/div[1]/div[3]/div[1]/div[2]/div[1]/div[1]/div[2]/div[1]/h2[1]/a[1]]
2022-12-20 22:12:543 INFO  CellPhonesPage :48 - Clicking on login link : [[ChromeDriver: chrome on WINDOWS (e59e94e22005ca81dca15f4765aa7394)] -> xpath: //a[contains(text(),'List')]]
2022-12-20 22:12:730 INFO  HomePage :55 - Clicking on login link : [[ChromeDriver: chrome on WINDOWS (137386cce4d9f379ea25f31ddb135bbe)] -> xpath: //div[@class='header-menu']/ul[1]/li[2]/a]
2022-12-20 22:12:139 INFO  ElectronicsPage :241 - Clicking on login link : [[ChromeDriver: chrome on WINDOWS (137386cce4d9f379ea25f31ddb135bbe)] -> xpath: //body/div[6]/div[3]/div[1]/div[3]/div[1]/div[2]/div[1]/div[1]/div[2]/div[1]/h2[1]/a[1]]
2022-12-20 22:12:205 INFO  CellPhonesPage :41 - Clicking on login link : [[ChromeDriver: chrome on WINDOWS (137386cce4d9f379ea25f31ddb135bbe)] -> xpath: //h1[contains(text(),'Cell phones')]]
2022-12-20 22:12:258 INFO  CellPhonesPage :48 - Clicking on login link : [[ChromeDriver: chrome on WINDOWS (137386cce4d9f379ea25f31ddb135bbe)] -> xpath: //a[contains(text(),'List')]]
2022-12-20 22:12:556 INFO  HomePage :55 - Clicking on login link : [[ChromeDriver: chrome on WINDOWS (f99bbca029bd583efa40ba75b1e3f0fc)] -> xpath: //div[@class='header-menu']/ul[1]/li[2]/a]
2022-12-20 22:12:130 INFO  ElectronicsPage :241 - Clicking on login link : [[ChromeDriver: chrome on WINDOWS (f99bbca029bd583efa40ba75b1e3f0fc)] -> xpath: //body/div[6]/div[3]/div[1]/div[3]/div[1]/div[2]/div[1]/div[1]/div[2]/div[1]/h2[1]/a[1]]
2022-12-20 22:12:207 INFO  CellPhonesPage :41 - Clicking on login link : [[ChromeDriver: chrome on WINDOWS (f99bbca029bd583efa40ba75b1e3f0fc)] -> xpath: //h1[contains(text(),'Cell phones')]]
2022-12-20 22:12:326 INFO  CellPhonesPage :47 - Clicking on login link : [[ChromeDriver: chrome on WINDOWS (f99bbca029bd583efa40ba75b1e3f0fc)] -> xpath: //a[contains(text(),'List')]]
2022-12-20 22:12:579 INFO  HomePage :55 - Clicking on login link : [[ChromeDriver: chrome on WINDOWS (205380ccf4c92a37241fa3bed46b3bd1)] -> xpath: //div[@class='header-menu']/ul[1]/li[2]/a]
2022-12-20 22:12:407 INFO  ElectronicsPage :241 - Clicking on login link : [[ChromeDriver: chrome on WINDOWS (205380ccf4c92a37241fa3bed46b3bd1)] -> xpath: //body/div[6]/div[3]/div[1]/div[3]/div[1]/div[2]/div[1]/div[1]/div[2]/div[1]/h2[1]/a[1]]
2022-12-20 22:12:464 INFO  CellPhonesPage :41 - Clicking on login link : [[ChromeDriver: chrome on WINDOWS (205380ccf4c92a37241fa3bed46b3bd1)] -> xpath: //h1[contains(text(),'Cell phones')]]
2022-12-20 22:12:550 INFO  CellPhonesPage :47 - Clicking on login link : [[ChromeDriver: chrome on WINDOWS (205380ccf4c92a37241fa3bed46b3bd1)] -> xpath: //a[contains(text(),'List')]]
2022-12-21 00:12:188 INFO  HomePage :55 - Clicking on login link : [[ChromeDriver: chrome on WINDOWS (542df7a9f379a9f17285bf48e0a5c182)] -> xpath: //div[@class='header-menu']/ul[1]/li[2]/a]
2022-12-21 00:12:581 INFO  ElectronicsPage :241 - Clicking on login link : [[ChromeDriver: chrome on WINDOWS (542df7a9f379a9f17285bf48e0a5c182)] -> xpath: //body/div[6]/div[3]/div[1]/div[3]/div[1]/div[2]/div[1]/div[1]/div[2]/div[1]/h2[1]/a[1]]
2022-12-21 00:12:631 INFO  CellPhonesPage :41 - Clicking on login link : [[ChromeDriver: chrome on WINDOWS (542df7a9f379a9f17285bf48e0a5c182)] -> xpath: //h1[contains(text(),'Cell phones')]]
2022-12-21 00:12:696 INFO  CellPhonesPage :47 - Clicking on login link : [[ChromeDriver: chrome on WINDOWS (542df7a9f379a9f17285bf48e0a5c182)] -> xpath: //a[contains(text(),'List')]]
2022-12-21 00:12:946 INFO  HomePage :55 - Clicking on login link : [[ChromeDriver: chrome on WINDOWS (0fd31b366ea93fe44d0563f656be931b)] -> xpath: //div[@class='header-menu']/ul[1]/li[2]/a]
2022-12-21 00:12:295 INFO  ElectronicsPage :241 - Clicking on login link : [[ChromeDriver: chrome on WINDOWS (0fd31b366ea93fe44d0563f656be931b)] -> xpath: //body/div[6]/div[3]/div[1]/div[3]/div[1]/div[2]/div[1]/div[1]/div[2]/div[1]/h2[1]/a[1]]
2022-12-21 00:12:331 INFO  CellPhonesPage :41 - Clicking on login link : [[ChromeDriver: chrome on WINDOWS (0fd31b366ea93fe44d0563f656be931b)] -> xpath: //h1[contains(text(),'Cell phones')]]
2022-12-21 00:12:383 INFO  CellPhonesPage :47 - Clicking on login link : [[ChromeDriver: chrome on WINDOWS (0fd31b366ea93fe44d0563f656be931b)] -> xpath: //a[contains(text(),'List')]]
2022-12-21 00:12:924 INFO  HomePage :55 - Clicking on login link : [[ChromeDriver: chrome on WINDOWS (445799694e0a42780ac633a348e5bcf1)] -> xpath: //div[@class='header-menu']/ul[1]/li[2]/a]
2022-12-21 00:12:311 INFO  ElectronicsPage :241 - Clicking on login link : [[ChromeDriver: chrome on WINDOWS (445799694e0a42780ac633a348e5bcf1)] -> xpath: //body/div[6]/div[3]/div[1]/div[3]/div[1]/div[2]/div[1]/div[1]/div[2]/div[1]/h2[1]/a[1]]
2022-12-21 00:12:345 INFO  CellPhonesPage :41 - Clicking on login link : [[ChromeDriver: chrome on WINDOWS (445799694e0a42780ac633a348e5bcf1)] -> xpath: //h1[contains(text(),'Cell phones')]]
2022-12-21 00:12:393 INFO  CellPhonesPage :47 - Clicking on login link : [[ChromeDriver: chrome on WINDOWS (445799694e0a42780ac633a348e5bcf1)] -> xpath: //a[contains(text(),'List')]]
2022-12-21 00:12:859 INFO  HomePage :55 - Clicking on login link : [[ChromeDriver: chrome on WINDOWS (c8e4ba986c994c5aaad9ff03d3a80edb)] -> xpath: //div[@class='header-menu']/ul[1]/li[2]/a]
2022-12-21 00:12:214 INFO  ElectronicsPage :241 - Clicking on login link : [[ChromeDriver: chrome on WINDOWS (c8e4ba986c994c5aaad9ff03d3a80edb)] -> xpath: //body/div[6]/div[3]/div[1]/div[3]/div[1]/div[2]/div[1]/div[1]/div[2]/div[1]/h2[1]/a[1]]
2022-12-21 00:12:245 INFO  CellPhonesPage :48 - Clicking on login link : [[ChromeDriver: chrome on WINDOWS (c8e4ba986c994c5aaad9ff03d3a80edb)] -> xpath: //h1[contains(text(),'Cell phones')]]
2022-12-21 00:12:298 INFO  CellPhonesPage :37 - Clicking on login link : [[ChromeDriver: chrome on WINDOWS (c8e4ba986c994c5aaad9ff03d3a80edb)] -> xpath: //a[contains(text(),'List')]]
2022-12-21 00:12:534 INFO  HomePage :55 - Clicking on login link : [[ChromeDriver: chrome on WINDOWS (aa265213cfbffee384ddff22ce6e3aab)] -> xpath: //div[@class='header-menu']/ul[1]/li[2]/a]
2022-12-21 00:12:890 INFO  ElectronicsPage :241 - Clicking on login link : [[ChromeDriver: chrome on WINDOWS (aa265213cfbffee384ddff22ce6e3aab)] -> xpath: //body/div[6]/div[3]/div[1]/div[3]/div[1]/div[2]/div[1]/div[1]/div[2]/div[1]/h2[1]/a[1]]
2022-12-21 00:12:930 INFO  CellPhonesPage :48 - Clicking on login link : [[ChromeDriver: chrome on WINDOWS (aa265213cfbffee384ddff22ce6e3aab)] -> xpath: //h1[contains(text(),'Cell phones')]]
2022-12-21 00:12:986 INFO  CellPhonesPage :37 - Clicking on login link : [[ChromeDriver: chrome on WINDOWS (aa265213cfbffee384ddff22ce6e3aab)] -> xpath: //a[contains(text(),'List')]]
2022-12-21 00:12:31 INFO  HomePage :55 - Clicking on login link : [[ChromeDriver: chrome on WINDOWS (4192e0ac280e02db98f481ee2ecc5fdb)] -> xpath: //div[@class='header-menu']/ul[1]/li[2]/a]
2022-12-21 00:12:392 INFO  ElectronicsPage :241 - Clicking on login link : [[ChromeDriver: chrome on WINDOWS (4192e0ac280e02db98f481ee2ecc5fdb)] -> xpath: //body/div[6]/div[3]/div[1]/div[3]/div[1]/div[2]/div[1]/div[1]/div[2]/div[1]/h2[1]/a[1]]
2022-12-21 00:12:446 INFO  CellPhonesPage :37 - Clicking on login link : [[ChromeDriver: chrome on WINDOWS (4192e0ac280e02db98f481ee2ecc5fdb)] -> xpath: //a[contains(text(),'List')]]
2022-12-21 00:12:00 INFO  HomePage :55 - Clicking on login link : [[ChromeDriver: chrome on WINDOWS (9c7f80bd375bf89e82e489dbd3825cb7)] -> xpath: //div[@class='header-menu']/ul[1]/li[2]/a]
2022-12-21 00:12:357 INFO  ElectronicsPage :241 - Clicking on login link : [[ChromeDriver: chrome on WINDOWS (9c7f80bd375bf89e82e489dbd3825cb7)] -> xpath: //body/div[6]/div[3]/div[1]/div[3]/div[1]/div[2]/div[1]/div[1]/div[2]/div[1]/h2[1]/a[1]]
2022-12-21 00:12:391 INFO  CellPhonesPage :48 - Clicking on login link : [[ChromeDriver: chrome on WINDOWS (9c7f80bd375bf89e82e489dbd3825cb7)] -> xpath: //h1[contains(text(),'Cell phones')]]
2022-12-21 00:12:190 INFO  CellPhonesPage :42 - Clicking on login link : [[ChromeDriver: chrome on WINDOWS (9c7f80bd375bf89e82e489dbd3825cb7)] -> xpath: //body/div[6]/div[3]/div[1]/div[3]/div[1]/div[2]/div[2]/div[2]/div[1]/div[1]/div[3]/div[1]/div[1]/a[1]/img[1]]
2022-12-21 00:12:263 INFO  NokiaLumiaPage :65 - Clicking on login link : [[ChromeDriver: chrome on WINDOWS (9c7f80bd375bf89e82e489dbd3825cb7)] -> xpath: //input[@id='product_enteredQuantity_20']]
2022-12-21 00:12:311 INFO  NokiaLumiaPage :70 - Clicking on login link : [[ChromeDriver: chrome on WINDOWS (9c7f80bd375bf89e82e489dbd3825cb7)] -> xpath: //button[@id='add-to-cart-button-20']]
2022-12-21 00:12:542 INFO  NokiaLumiaPage :75 - Clicking on login link : [[ChromeDriver: chrome on WINDOWS (9c7f80bd375bf89e82e489dbd3825cb7)] -> xpath: //p[@class='content']]
2022-12-21 00:12:598 INFO  NokiaLumiaPage :82 - Clicking on login link : [[ChromeDriver: chrome on WINDOWS (9c7f80bd375bf89e82e489dbd3825cb7)] -> xpath: //span[@title='Close']]
2022-12-21 00:12:66 INFO  HomePage :55 - Clicking on login link : [[ChromeDriver: chrome on WINDOWS (03267afa7013e7dd0cc690b0069a0161)] -> xpath: //div[@class='header-menu']/ul[1]/li[2]/a]
2022-12-21 00:12:413 INFO  ElectronicsPage :241 - Clicking on login link : [[ChromeDriver: chrome on WINDOWS (03267afa7013e7dd0cc690b0069a0161)] -> xpath: //body/div[6]/div[3]/div[1]/div[3]/div[1]/div[2]/div[1]/div[1]/div[2]/div[1]/h2[1]/a[1]]
2022-12-21 00:12:449 INFO  CellPhonesPage :48 - Clicking on login link : [[ChromeDriver: chrome on WINDOWS (03267afa7013e7dd0cc690b0069a0161)] -> xpath: //h1[contains(text(),'Cell phones')]]
2022-12-21 00:12:174 INFO  CellPhonesPage :42 - Clicking on login link : [[ChromeDriver: chrome on WINDOWS (03267afa7013e7dd0cc690b0069a0161)] -> xpath: //body/div[6]/div[3]/div[1]/div[3]/div[1]/div[2]/div[2]/div[2]/div[1]/div[1]/div[3]/div[1]/div[1]/a[1]/img[1]]
2022-12-21 00:12:240 INFO  NokiaLumiaPage :65 - Clicking on login link : [[ChromeDriver: chrome on WINDOWS (03267afa7013e7dd0cc690b0069a0161)] -> xpath: //input[@id='product_enteredQuantity_20']]
2022-12-21 00:12:291 INFO  NokiaLumiaPage :70 - Clicking on login link : [[ChromeDriver: chrome on WINDOWS (03267afa7013e7dd0cc690b0069a0161)] -> xpath: //button[@id='add-to-cart-button-20']]
2022-12-21 00:12:570 INFO  NokiaLumiaPage :75 - Clicking on login link : [[ChromeDriver: chrome on WINDOWS (03267afa7013e7dd0cc690b0069a0161)] -> xpath: //p[@class='content']]
2022-12-21 00:12:617 INFO  NokiaLumiaPage :82 - Clicking on login link : [[ChromeDriver: chrome on WINDOWS (03267afa7013e7dd0cc690b0069a0161)] -> xpath: //span[@title='Close']]
2022-12-21 00:12:490 INFO  HomePage :55 - Clicking on login link : [[ChromeDriver: chrome on WINDOWS (cc2e4745a3688045d89ba6c7a923384e)] -> xpath: //div[@class='header-menu']/ul[1]/li[2]/a]
2022-12-21 00:12:840 INFO  ElectronicsPage :241 - Clicking on login link : [[ChromeDriver: chrome on WINDOWS (cc2e4745a3688045d89ba6c7a923384e)] -> xpath: //body/div[6]/div[3]/div[1]/div[3]/div[1]/div[2]/div[1]/div[1]/div[2]/div[1]/h2[1]/a[1]]
2022-12-21 00:12:875 INFO  CellPhonesPage :48 - Clicking on login link : [[ChromeDriver: chrome on WINDOWS (cc2e4745a3688045d89ba6c7a923384e)] -> xpath: //h1[contains(text(),'Cell phones')]]
2022-12-21 00:12:642 INFO  CellPhonesPage :42 - Clicking on login link : [[ChromeDriver: chrome on WINDOWS (cc2e4745a3688045d89ba6c7a923384e)] -> xpath: //body/div[6]/div[3]/div[1]/div[3]/div[1]/div[2]/div[2]/div[2]/div[1]/div[1]/div[3]/div[1]/div[1]/a[1]/img[1]]
2022-12-21 00:12:726 INFO  NokiaLumiaPage :65 - Clicking on login link : [[ChromeDriver: chrome on WINDOWS (cc2e4745a3688045d89ba6c7a923384e)] -> xpath: //input[@id='product_enteredQuantity_20']]
2022-12-21 00:12:775 INFO  NokiaLumiaPage :70 - Clicking on login link : [[ChromeDriver: chrome on WINDOWS (cc2e4745a3688045d89ba6c7a923384e)] -> xpath: //button[@id='add-to-cart-button-20']]
2022-12-21 00:12:21 INFO  NokiaLumiaPage :75 - Clicking on login link : [[ChromeDriver: chrome on WINDOWS (cc2e4745a3688045d89ba6c7a923384e)] -> xpath: //p[@class='content']]
2022-12-21 00:12:75 INFO  NokiaLumiaPage :82 - Clicking on login link : [[ChromeDriver: chrome on WINDOWS (cc2e4745a3688045d89ba6c7a923384e)] -> xpath: //span[@title='Close']]
2022-12-21 15:12:34 INFO  HomePage :55 - Clicking on login link : [[ChromeDriver: chrome on WINDOWS (4b14bdcefd3af0410ff746f1f4fd20cb)] -> xpath: //div[@class='header-menu']/ul[1]/li[2]/a]
2022-12-21 15:12:898 INFO  ElectronicsPage :241 - Clicking on login link : [[ChromeDriver: chrome on WINDOWS (4b14bdcefd3af0410ff746f1f4fd20cb)] -> xpath: //body/div[6]/div[3]/div[1]/div[3]/div[1]/div[2]/div[1]/div[1]/div[2]/div[1]/h2[1]/a[1]]
2022-12-21 15:12:963 INFO  CellPhonesPage :65 - Clicking on login link : [[ChromeDriver: chrome on WINDOWS (4b14bdcefd3af0410ff746f1f4fd20cb)] -> xpath: //h1[contains(text(),'Cell phones')]]
2022-12-21 15:12:505 INFO  CellPhonesPage :59 - Clicking on login link : [[ChromeDriver: chrome on WINDOWS (4b14bdcefd3af0410ff746f1f4fd20cb)] -> xpath: //body/div[6]/div[3]/div[1]/div[3]/div[1]/div[2]/div[2]/div[2]/div[1]/div[1]/div[3]/div[1]/div[1]/a[1]/img[1]]
2022-12-21 15:12:608 INFO  NokiaLumiaPage :65 - Clicking on login link : [[ChromeDriver: chrome on WINDOWS (4b14bdcefd3af0410ff746f1f4fd20cb)] -> xpath: //input[@id='product_enteredQuantity_20']]
2022-12-21 15:12:688 INFO  NokiaLumiaPage :70 - Clicking on login link : [[ChromeDriver: chrome on WINDOWS (4b14bdcefd3af0410ff746f1f4fd20cb)] -> xpath: //button[@id='add-to-cart-button-20']]
2022-12-21 16:12:905 INFO  HomePage :55 - Clicking on login link : [[ChromeDriver: chrome on WINDOWS (c7656211e6057beb4591f9a2e3a72806)] -> xpath: //div[@class='header-menu']/ul[1]/li[2]/a]
2022-12-21 16:12:476 INFO  ElectronicsPage :241 - Clicking on login link : [[ChromeDriver: chrome on WINDOWS (c7656211e6057beb4591f9a2e3a72806)] -> xpath: //body/div[6]/div[3]/div[1]/div[3]/div[1]/div[2]/div[1]/div[1]/div[2]/div[1]/h2[1]/a[1]]
2022-12-21 16:12:537 INFO  CellPhonesPage :65 - Clicking on login link : [[ChromeDriver: chrome on WINDOWS (c7656211e6057beb4591f9a2e3a72806)] -> xpath: //h1[contains(text(),'Cell phones')]]
2022-12-21 16:12:128 INFO  CellPhonesPage :59 - Clicking on login link : [[ChromeDriver: chrome on WINDOWS (c7656211e6057beb4591f9a2e3a72806)] -> xpath: //body/div[6]/div[3]/div[1]/div[3]/div[1]/div[2]/div[2]/div[2]/div[1]/div[1]/div[3]/div[1]/div[1]/a[1]/img[1]]
2022-12-21 16:12:220 INFO  NokiaLumiaPage :65 - Clicking on login link : [[ChromeDriver: chrome on WINDOWS (c7656211e6057beb4591f9a2e3a72806)] -> xpath: //input[@id='product_enteredQuantity_20']]
2022-12-21 16:12:299 INFO  NokiaLumiaPage :70 - Clicking on login link : [[ChromeDriver: chrome on WINDOWS (c7656211e6057beb4591f9a2e3a72806)] -> xpath: //button[@id='add-to-cart-button-20']]
2022-12-21 16:12:419 INFO  HomePage :55 - Clicking on login link : [[ChromeDriver: chrome on WINDOWS (c420f5d6d77c259c68c1ec26f209cfc2)] -> xpath: //div[@class='header-menu']/ul[1]/li[2]/a]
2022-12-21 16:12:616 INFO  ElectronicsPage :241 - Clicking on login link : [[ChromeDriver: chrome on WINDOWS (c420f5d6d77c259c68c1ec26f209cfc2)] -> xpath: //body/div[6]/div[3]/div[1]/div[3]/div[1]/div[2]/div[1]/div[1]/div[2]/div[1]/h2[1]/a[1]]
2022-12-21 16:12:676 INFO  CellPhonesPage :65 - Clicking on login link : [[ChromeDriver: chrome on WINDOWS (c420f5d6d77c259c68c1ec26f209cfc2)] -> xpath: //h1[contains(text(),'Cell phones')]]
2022-12-21 16:12:994 INFO  CellPhonesPage :59 - Clicking on login link : [[ChromeDriver: chrome on WINDOWS (c420f5d6d77c259c68c1ec26f209cfc2)] -> xpath: //body/div[6]/div[3]/div[1]/div[3]/div[1]/div[2]/div[2]/div[2]/div[1]/div[1]/div[3]/div[1]/div[1]/a[1]/img[1]]
2022-12-21 16:12:128 INFO  NokiaLumiaPage :65 - Clicking on login link : [[ChromeDriver: chrome on WINDOWS (c420f5d6d77c259c68c1ec26f209cfc2)] -> xpath: //input[@id='product_enteredQuantity_20']]
2022-12-21 16:12:226 INFO  NokiaLumiaPage :70 - Clicking on login link : [[ChromeDriver: chrome on WINDOWS (c420f5d6d77c259c68c1ec26f209cfc2)] -> xpath: //button[@id='add-to-cart-button-20']]
2022-12-21 16:12:652 INFO  HomePage :55 - Clicking on login link : [[ChromeDriver: chrome on WINDOWS (561253999eafdc70dfb8782ca1b3616e)] -> xpath: //div[@class='header-menu']/ul[1]/li[2]/a]
2022-12-21 16:12:212 INFO  ElectronicsPage :241 - Clicking on login link : [[ChromeDriver: chrome on WINDOWS (561253999eafdc70dfb8782ca1b3616e)] -> xpath: //body/div[6]/div[3]/div[1]/div[3]/div[1]/div[2]/div[1]/div[1]/div[2]/div[1]/h2[1]/a[1]]
2022-12-21 16:12:292 INFO  CellPhonesPage :77 - Clicking on login link : [[ChromeDriver: chrome on WINDOWS (561253999eafdc70dfb8782ca1b3616e)] -> xpath: //h1[contains(text(),'Cell phones')]]
2022-12-21 16:12:402 INFO  CellPhonesPage :71 - Clicking on login link : [[ChromeDriver: chrome on WINDOWS (561253999eafdc70dfb8782ca1b3616e)] -> xpath: //body/div[6]/div[3]/div[1]/div[3]/div[1]/div[2]/div[2]/div[2]/div[1]/div[1]/div[3]/div[1]/div[1]/a[1]/img[1]]
2022-12-21 16:12:511 INFO  NokiaLumiaPage :65 - Clicking on login link : [[ChromeDriver: chrome on WINDOWS (561253999eafdc70dfb8782ca1b3616e)] -> xpath: //input[@id='product_enteredQuantity_20']]
2022-12-21 16:12:603 INFO  NokiaLumiaPage :70 - Clicking on login link : [[ChromeDriver: chrome on WINDOWS (561253999eafdc70dfb8782ca1b3616e)] -> xpath: //button[@id='add-to-cart-button-20']]
2022-12-21 16:12:388 INFO  HomePage :55 - Clicking on login link : [[ChromeDriver: chrome on WINDOWS (a5ed8f4c0c96d990aa455693fa909c68)] -> xpath: //div[@class='header-menu']/ul[1]/li[2]/a]
2022-12-21 16:12:935 INFO  ElectronicsPage :241 - Clicking on login link : [[ChromeDriver: chrome on WINDOWS (a5ed8f4c0c96d990aa455693fa909c68)] -> xpath: //body/div[6]/div[3]/div[1]/div[3]/div[1]/div[2]/div[1]/div[1]/div[2]/div[1]/h2[1]/a[1]]
2022-12-21 16:12:981 INFO  CellPhonesPage :77 - Clicking on login link : [[ChromeDriver: chrome on WINDOWS (a5ed8f4c0c96d990aa455693fa909c68)] -> xpath: //h1[contains(text(),'Cell phones')]]
2022-12-21 16:12:921 INFO  CellPhonesPage :71 - Clicking on login link : [[ChromeDriver: chrome on WINDOWS (a5ed8f4c0c96d990aa455693fa909c68)] -> xpath: //body/div[6]/div[3]/div[1]/div[3]/div[1]/div[2]/div[2]/div[2]/div[1]/div[1]/div[3]/div[1]/div[1]/a[1]/img[1]]
2022-12-21 16:12:14 INFO  NokiaLumiaPage :65 - Clicking on login link : [[ChromeDriver: chrome on WINDOWS (a5ed8f4c0c96d990aa455693fa909c68)] -> xpath: //input[@id='product_enteredQuantity_20']]
2022-12-21 16:12:95 INFO  NokiaLumiaPage :70 - Clicking on login link : [[ChromeDriver: chrome on WINDOWS (a5ed8f4c0c96d990aa455693fa909c68)] -> xpath: //button[@id='add-to-cart-button-20']]
2022-12-21 16:12:307 INFO  HomePage :55 - Clicking on login link : [[ChromeDriver: chrome on WINDOWS (3c7f36c76f39dfcdd99d9a402dfaa8b9)] -> xpath: //div[@class='header-menu']/ul[1]/li[2]/a]
2022-12-21 16:12:771 INFO  ElectronicsPage :241 - Clicking on login link : [[ChromeDriver: chrome on WINDOWS (3c7f36c76f39dfcdd99d9a402dfaa8b9)] -> xpath: //body/div[6]/div[3]/div[1]/div[3]/div[1]/div[2]/div[1]/div[1]/div[2]/div[1]/h2[1]/a[1]]
2022-12-21 16:12:849 INFO  CellPhonesPage :77 - Clicking on login link : [[ChromeDriver: chrome on WINDOWS (3c7f36c76f39dfcdd99d9a402dfaa8b9)] -> xpath: //h1[contains(text(),'Cell phones')]]
2022-12-21 16:12:696 INFO  CellPhonesPage :71 - Clicking on login link : [[ChromeDriver: chrome on WINDOWS (3c7f36c76f39dfcdd99d9a402dfaa8b9)] -> xpath: //body/div[6]/div[3]/div[1]/div[3]/div[1]/div[2]/div[2]/div[2]/div[1]/div[1]/div[3]/div[1]/div[1]/a[1]/img[1]]
2022-12-21 16:12:806 INFO  NokiaLumiaPage :65 - Clicking on login link : [[ChromeDriver: chrome on WINDOWS (3c7f36c76f39dfcdd99d9a402dfaa8b9)] -> xpath: //input[@id='product_enteredQuantity_20']]
2022-12-21 16:12:879 INFO  NokiaLumiaPage :70 - Clicking on login link : [[ChromeDriver: chrome on WINDOWS (3c7f36c76f39dfcdd99d9a402dfaa8b9)] -> xpath: //button[@id='add-to-cart-button-20']]
2022-12-21 16:12:940 INFO  HomePage :55 - Clicking on login link : [[ChromeDriver: chrome on WINDOWS (86549d2c5b220f8c9fbd19e88f9c4017)] -> xpath: //div[@class='header-menu']/ul[1]/li[2]/a]
2022-12-21 16:12:642 INFO  ElectronicsPage :241 - Clicking on login link : [[ChromeDriver: chrome on WINDOWS (86549d2c5b220f8c9fbd19e88f9c4017)] -> xpath: //body/div[6]/div[3]/div[1]/div[3]/div[1]/div[2]/div[1]/div[1]/div[2]/div[1]/h2[1]/a[1]]
2022-12-21 16:12:685 INFO  CellPhonesPage :77 - Clicking on login link : [[ChromeDriver: chrome on WINDOWS (86549d2c5b220f8c9fbd19e88f9c4017)] -> xpath: //h1[contains(text(),'Cell phones')]]
2022-12-21 16:12:194 INFO  CellPhonesPage :71 - Clicking on login link : [[ChromeDriver: chrome on WINDOWS (86549d2c5b220f8c9fbd19e88f9c4017)] -> xpath: //body/div[6]/div[3]/div[1]/div[3]/div[1]/div[2]/div[2]/div[2]/div[1]/div[1]/div[3]/div[1]/div[1]/a[1]/img[1]]
2022-12-21 16:12:302 INFO  NokiaLumiaPage :65 - Clicking on login link : [[ChromeDriver: chrome on WINDOWS (86549d2c5b220f8c9fbd19e88f9c4017)] -> xpath: //input[@id='product_enteredQuantity_20']]
2022-12-21 16:12:408 INFO  NokiaLumiaPage :70 - Clicking on login link : [[ChromeDriver: chrome on WINDOWS (86549d2c5b220f8c9fbd19e88f9c4017)] -> xpath: //button[@id='add-to-cart-button-20']]
2022-12-21 16:12:701 INFO  NokiaLumiaPage :75 - Clicking on login link : [[ChromeDriver: chrome on WINDOWS (86549d2c5b220f8c9fbd19e88f9c4017)] -> xpath: //p[@class='content']]
2022-12-21 16:12:794 INFO  NokiaLumiaPage :82 - Clicking on login link : [[ChromeDriver: chrome on WINDOWS (86549d2c5b220f8c9fbd19e88f9c4017)] -> xpath: //span[@title='Close']]
2022-12-21 16:12:291 INFO  NokiaLumiaPage :87 - Clicking on login link : [[ChromeDriver: chrome on WINDOWS (86549d2c5b220f8c9fbd19e88f9c4017)] -> xpath: //span[@class='cart-label']]
2022-12-21 16:12:331 INFO  ElectronicsPage :326 - Clicking on login link : [[ChromeDriver: chrome on WINDOWS (86549d2c5b220f8c9fbd19e88f9c4017)] -> xpath: //h1[contains(text(),'Shopping cart')]]
2022-12-21 16:12:381 INFO  ElectronicsPage :331 - Clicking on login link : [[ChromeDriver: chrome on WINDOWS (86549d2c5b220f8c9fbd19e88f9c4017)] -> xpath: //body[1]/div[6]/div[3]/div[1]/div[1]/div[1]/div[2]/div[1]/form[1]/div[3]/div[2]/div[1]/table[1]/tbody[1]/tr[4]/td[2]/span[1]/strong[1]]
2022-12-21 16:12:477 INFO  ElectronicsPage :338 - Clicking on login link : [[ChromeDriver: chrome on WINDOWS (86549d2c5b220f8c9fbd19e88f9c4017)] -> xpath: //input[@id='termsofservice']]
2022-12-21 16:12:95 INFO  ElectronicsPage :344 - Clicking on login link : [[ChromeDriver: chrome on WINDOWS (86549d2c5b220f8c9fbd19e88f9c4017)] -> xpath: //button[@id='checkout']]
2022-12-21 16:12:145 INFO  ElectronicsPage :352 - Clicking on login link : [[ChromeDriver: chrome on WINDOWS (86549d2c5b220f8c9fbd19e88f9c4017)] -> xpath: //h1[contains(text(),'Welcome, Please Sign In!')]]
2022-12-21 16:12:529 INFO  ElectronicsPage :360 - Clicking on login link : [[ChromeDriver: chrome on WINDOWS (86549d2c5b220f8c9fbd19e88f9c4017)] -> xpath: //button[contains(text(),'Register')]]
2022-12-21 16:12:615 INFO  ElectronicsPage :367 - Clicking on login link : [[ChromeDriver: chrome on WINDOWS (86549d2c5b220f8c9fbd19e88f9c4017)] -> xpath: //h1[contains(text(),'Register')]]
2022-12-21 16:12:703 INFO  ElectronicsPage :376 - Clicking on login link : [[ChromeDriver: chrome on WINDOWS (86549d2c5b220f8c9fbd19e88f9c4017)] -> name: FirstName]
2022-12-21 16:12:805 INFO  ElectronicsPage :382 - Clicking on login link : [[ChromeDriver: chrome on WINDOWS (86549d2c5b220f8c9fbd19e88f9c4017)] -> name: LastName]
2022-12-21 16:12:904 INFO  ElectronicsPage :388 - Clicking on login link : [[ChromeDriver: chrome on WINDOWS (86549d2c5b220f8c9fbd19e88f9c4017)] -> id: Email]
2022-12-21 16:12:13 INFO  ElectronicsPage :394 - Clicking on login link : [[ChromeDriver: chrome on WINDOWS (86549d2c5b220f8c9fbd19e88f9c4017)] -> id: Password]
2022-12-21 16:12:114 INFO  ElectronicsPage :400 - Clicking on login link : [[ChromeDriver: chrome on WINDOWS (86549d2c5b220f8c9fbd19e88f9c4017)] -> id: ConfirmPassword]
2022-12-21 16:12:728 INFO  ElectronicsPage :407 - Clicking on login link : [[ChromeDriver: chrome on WINDOWS (86549d2c5b220f8c9fbd19e88f9c4017)] -> xpath: //button[@id='register-button']]
2022-12-21 16:12:779 INFO  ElectronicsPage :414 - Clicking on login link : [[ChromeDriver: chrome on WINDOWS (86549d2c5b220f8c9fbd19e88f9c4017)] -> xpath: //div[contains(text(),'Your registration completed')]]
2022-12-21 16:12:118 INFO  ElectronicsPage :422 - Clicking on login link : [[ChromeDriver: chrome on WINDOWS (86549d2c5b220f8c9fbd19e88f9c4017)] -> xpath: //a[contains(text(),'Continue')]]
